Compilación iniciada a las 16/05/2015 19:49:24.
     1>Proyecto "C:\Users\GAVO\Desktop\practicas\practica4\practica4.vcxproj" en el nodo 2 (build destinos).
     1>InitializeBuildStatus:
         Se creará "Debug\practica4.unsuccessfulbuild" porque se especificó "AlwaysCreate".
       ClCompile:
         C:\Program Files (x86)\Microsoft Visual Studio 10.0\VC\bin\CL.exe /c /ZI /nologo /W3 /WX- /Od /Oy- /D WIN32 /D _DEBUG /D _CONSOLE /D _UNICODE /D UNICODE /Gm /EHsc /RTC1 /MDd /GS /fp:precise /Zc:wchar_t /Zc:forScope /Fo"Debug\\" /Fd"Debug\vc100.pdb" /Gd /TP /analyze- /errorReport:prompt gestor.cpp lista_correos.cpp lista_usuarios.cpp practica4.cpp registro.cpp usuario.cpp
         registro.cpp
         practica4.cpp
         lista_usuarios.cpp
         lista_correos.cpp
         gestor.cpp
         Generando código...
         Compilando...
         usuario.cpp
         Generando código...
       ManifestResourceCompile:
         Todas las salidas están actualizadas.
       Link:
         C:\Program Files (x86)\Microsoft Visual Studio 10.0\VC\bin\link.exe /ERRORREPORT:PROMPT /OUT:"C:\Users\GAVO\Desktop\practicas\practica4\Debug\practica4.exe" /INCREMENTAL /NOLOGO kernel32.lib user32.lib gdi32.lib winspool.lib comdlg32.lib advapi32.lib shell32.lib ole32.lib oleaut32.lib uuid.lib odbc32.lib odbccp32.lib /MANIFEST /ManifestFile:"Debug\practica4.exe.intermediate.manifest" /MANIFESTUAC:"level='asInvoker' uiAccess='false'" /DEBUG /PDB:"C:\Users\GAVO\Desktop\practicas\practica4\Debug\practica4.pdb" /SUBSYSTEM:CONSOLE /TLBID:1 /DYNAMICBASE /NXCOMPAT /IMPLIB:"C:\Users\GAVO\Desktop\practicas\practica4\Debug\practica4.lib" /MACHINE:X86 Debug\practica4.exe.embed.manifest.res
         Debug\correo.obj
         Debug\gestor.obj
         Debug\lista_correos.obj
         Debug\lista_usuarios.obj
         Debug\practica4.obj
         Debug\registro.obj
         Debug\stdafx.obj
         Debug\usuario.obj
       Manifest:
         C:\Program Files (x86)\Microsoft SDKs\Windows\v7.0A\bin\mt.exe /nologo /verbose /out:"Debug\practica4.exe.embed.manifest" /manifest Debug\practica4.exe.intermediate.manifest
         Todas las salidas están actualizadas.
       LinkEmbedManifest:
         Todas las salidas están actualizadas.
         practica4.vcxproj -> C:\Users\GAVO\Desktop\practicas\practica4\Debug\practica4.exe
       FinalizeBuildStatus:
         Se eliminará el archivo "Debug\practica4.unsuccessfulbuild".
         Aplicando tarea Touch a "Debug\practica4.lastbuildstate".
     1>Compilación del proyecto terminada "C:\Users\GAVO\Desktop\practicas\practica4\practica4.vcxproj" (build destinos).

Compilación correcta.

Tiempo transcurrido 00:00:24.86
